<?xml version="1.0" encoding="UTF-8"?>
<!-- Generated by org.testng.reporters.JUnitXMLReporter -->
<testsuite ignored="0" hostname="LAPTOP-PGPBS0AG" failures="0" tests="3" name="Submit order test" time="14.391" errors="0" timestamp="2023-03-24T19:11:44 IST">
  <testcase classname="rahulpractise.tests.StandAloneTest" name="submitorder" time="3.015"/>
  <testcase classname="rahulpractise.tests.StandAloneTest" name="submitorder" time="3.184"/>
  <testcase classname="rahulpractise.tests.StandAloneTest" name="OrderHistoryTest" time="0.789"/>
</testsuite> <!-- Submit order test -->
